
SQL*Loader: Release 12.1.0.2.0 - Production on Mon Feb 11 22:56:41 2019

Copyright (c) 1982, 2014, Oracle and/or its affiliates.  All rights reserved.

Control File:   sailors.ctl
Data File:      sailors.txt
  Bad File:     sailors.bad
  Discard File:  none specified
 
 (Allow all discards)

Number to load: ALL
Number to skip: 0
Errors allowed: 50
Bind array:     64 rows, maximum of 256000 bytes
Continuation:    none specified
Path used:      Conventional
Silent options: FEEDBACK
Table SAILORS, loaded from every logical record.
Insert option in effect for this table: REPLACE

   Column Name                  Position   Len  Term Encl Datatype
------------------------------ ---------- ----- ---- ---- ---------------------
SID                                 FIRST     *   ,       CHARACTER            
SNAME                                NEXT     *   ,       CHARACTER            
RATING                               NEXT     *   ,       CHARACTER            
AGE                                  NEXT     *   ,       CHARACTER            


Table SAILORS:
  11 Rows successfully loaded.
  0 Rows not loaded due to data errors.
  0 Rows not loaded because all WHEN clauses were failed.
  0 Rows not loaded because all fields were null.


Space allocated for bind array:                  66048 bytes(64 rows)
Read   buffer bytes: 1048576

Total logical records skipped:          0
Total logical records read:            11
Total logical records rejected:         0
Total logical records discarded:        0

Run began on Mon Feb 11 22:56:41 2019
Run ended on Mon Feb 11 22:56:41 2019

Elapsed time was:     00:00:00.19
CPU time was:         00:00:00.02
